<?xml version="1.0" encoding="UTF-8"?>
<!-- Generated by org.testng.reporters.JUnitReportReporter -->
<testsuite hostname="Neethas-MacBook-Pro.local" failures="0" tests="3" name="com.saatvaTest.signUp.ValidateDataSignup" time="6.376" errors="0" timestamp="2021-11-04T14:18:53 PDT" skipped="2">
  <testcase classname="com.saatvaTest.signUp.ValidateDataSignup" name="signupAcc" time="6.376"/>
  <system-out/>
  <testcase classname="com.saatvaTest.signUp.ValidateDataSignup" name="createAccountwithValidData">
    <skipped/>
  </testcase> <!-- createAccountwithValidData -->
  <system-out/>
  <testcase classname="com.saatvaTest.signUp.ValidateDataSignup" name="signupAcc_longName">
    <skipped/>
  </testcase> <!-- signupAcc_longName -->
  <system-out/>
</testsuite> <!-- com.saatvaTest.signUp.ValidateDataSignup -->
