<?xml version="1.0" encoding="UTF-8"?>
<!-- Generated by org.testng.reporters.JUnitReportReporter -->
<testsuite hostname="Neethas-MacBook-Pro.local" failures="0" tests="3" name="com.saatvaTest.signUp.InvalidDataSignup" time="32.298" errors="0" timestamp="2021-11-04T14:18:53 PDT" skipped="1">
  <testcase classname="com.saatvaTest.signUp.InvalidDataSignup" name="createAccountwithExistingAccEmail" time="14.455"/>
  <system-out/>
  <testcase classname="com.saatvaTest.signUp.InvalidDataSignup" name="errorEmailMsgVerification" time="17.843"/>
  <system-out/>
  <testcase classname="com.saatvaTest.signUp.InvalidDataSignup" name="errorPasswdMsgVerification">
    <skipped/>
  </testcase> <!-- errorPasswdMsgVerification -->
  <system-out/>
</testsuite> <!-- com.saatvaTest.signUp.InvalidDataSignup -->
