<?xml version="1.0" encoding="UTF-8"?>
<!-- Generated by org.testng.reporters.JUnitReportReporter -->
<testsuite hostname="Neethas-MacBook-Pro.local" failures="0" tests="3" name="com.saatvaTest.signUp.ValidateDataSignup" time="4.392" errors="0" timestamp="19 Nov 2021 00:49:57 GMT" skipped="2">
  <testcase classname="com.saatvaTest.signUp.ValidateDataSignup" name="signupAcc" time="4.392"/>
  <testcase classname="com.saatvaTest.signUp.ValidateDataSignup" name="createAccountwithValidData">
    <skipped/>
  </testcase> <!-- createAccountwithValidData -->
  <testcase classname="com.saatvaTest.signUp.ValidateDataSignup" name="signupAcc_longName">
    <skipped/>
  </testcase> <!-- signupAcc_longName -->
</testsuite> <!-- com.saatvaTest.signUp.ValidateDataSignup -->
